app/build/intermediates/manifest_merge_blame_file/debug/processDebugMainManifest/manifest-merger-blame-debug-report.txt
1<?xml version="1.0" encoding="utf-8"?>
2<manifest xmlns:android="http://schemas.android.com/apk/res/android"
3    package="com.uitm.infratrack"
4    android:versionCode="1"
5    android:versionName="1.0" >
6
7    <uses-sdk
8        android:minSdkVersion="24"
9        android:targetSdkVersion="34" />
10
11    <!-- Needed to read/write hazard reports on the remote Firestore database -->
12    <uses-permission android:name="android.permission.INTERNET" />
12-->src\main\AndroidManifest.xml:5:5-67
12-->src\main\AndroidManifest.xml:5:22-64
13    <uses-permission android:name="android.permission.ACCESS_NETWORK_STATE" />
13-->src\main\AndroidManifest.xml:6:5-79
13-->src\main\AndroidManifest.xml:6:22-76
14
15    <!--
16         Needed for GPS: showing "my location" on the map and auto-filling
17         latitude/longitude when a user submits a crowdsourced report
18    -->
19    <uses-permission android:name="android.permission.ACCESS_FINE_LOCATION" />
19-->src\main\AndroidManifest.xml:10:5-79
19-->src\main\AndroidManifest.xml:10:22-76
20    <uses-permission android:name="android.permission.ACCESS_COARSE_LOCATION" />
20-->src\main\AndroidManifest.xml:11:5-81
20-->src\main\AndroidManifest.xml:11:22-78
21
22    <uses-feature
22-->[com.google.android.gms:play-services-maps:19.0.0] AndroidManifest.xml:26:5-28:35
23        android:glEsVersion="0x00020000"
23-->[com.google.android.gms:play-services-maps:19.0.0] AndroidManifest.xml:27:9-41
24        android:required="true" />
24-->[com.google.android.gms:play-services-maps:19.0.0] AndroidManifest.xml:28:9-32
25
26    <queries>
26-->[com.google.android.gms:play-services-maps:19.0.0] AndroidManifest.xml:30:5-34:15
27
28        <!-- Needs to be explicitly declared on Android R+ -->
29        <package android:name="com.google.android.apps.maps" />
29-->[com.google.android.gms:play-services-maps:19.0.0] AndroidManifest.xml:33:9-64
29-->[com.google.android.gms:play-services-maps:19.0.0] AndroidManifest.xml:33:18-61
30    </queries>
31
32    <permission
32-->[androidx.core:core:1.13.1] AndroidManifest.xml:22:5-24:47
33        android:name="com.uitm.infratrack.DYNAMIC_RECEIVER_NOT_EXPORTED_PERMISSION"
33-->[androidx.core:core:1.13.1] AndroidManifest.xml:23:9-81
34        android:protectionLevel="signature" />
34-->[androidx.core:core:1.13.1] AndroidManifest.xml:24:9-44
35
36    <uses-permission android:name="com.uitm.infratrack.DYNAMIC_RECEIVER_NOT_EXPORTED_PERMISSION" />
36-->[androidx.core:core:1.13.1] AndroidManifest.xml:26:5-97
36-->[androidx.core:core:1.13.1] AndroidManifest.xml:26:22-94
37
38    <application
38-->src\main\AndroidManifest.xml:13:5-34:19
39        android:allowBackup="true"
39-->src\main\AndroidManifest.xml:14:9-35
40        android:appComponentFactory="androidx.core.app.CoreComponentFactory"
40-->[androidx.core:core:1.13.1] AndroidManifest.xml:28:18-86
41        android:debuggable="true"
42        android:extractNativeLibs="false"
43        android:icon="@drawable/ic_launcher_background"
43-->src\main\AndroidManifest.xml:15:9-56
44        android:label="@string/app_name"
44-->src\main\AndroidManifest.xml:16:9-41
45        android:testOnly="true"
46        android:theme="@style/Theme.InfraTrack"
46-->src\main\AndroidManifest.xml:17:9-48
47        android:usesCleartextTraffic="false" >
47-->src\main\AndroidManifest.xml:18:9-45
48
49        <!-- Google Maps SDK for Android API key (see README_ANDROID_SETUP.md) -->
50        <meta-data
50-->src\main\AndroidManifest.xml:21:9-23:71
51            android:name="com.google.android.geo.API_KEY"
51-->src\main\AndroidManifest.xml:22:13-58
52            android:value="AIzaSyA4ww8rplNlyctW5gB-g_jn5LPotlZQeHU" />
52-->src\main\AndroidManifest.xml:23:13-68
53
54        <activity
54-->src\main\AndroidManifest.xml:25:9-33:20
55            android:name="com.uitm.infratrack.MainActivity"
55-->src\main\AndroidManifest.xml:26:13-41
56            android:exported="true"
56-->src\main\AndroidManifest.xml:27:13-36
57            android:label="@string/app_name" >
57-->src\main\AndroidManifest.xml:28:13-45
58            <intent-filter>
58-->src\main\AndroidManifest.xml:29:13-32:29
59                <action android:name="android.intent.action.MAIN" />
59-->src\main\AndroidManifest.xml:30:17-69
59-->src\main\AndroidManifest.xml:30:25-66
60
61                <category android:name="android.intent.category.LAUNCHER" />
61-->src\main\AndroidManifest.xml:31:17-77
61-->src\main\AndroidManifest.xml:31:27-74
62            </intent-filter>
63        </activity>
64        <!-- Needs to be explicitly declared on P+ -->
65        <uses-library
65-->[com.google.android.gms:play-services-maps:19.0.0] AndroidManifest.xml:39:9-41:40
66            android:name="org.apache.http.legacy"
66-->[com.google.android.gms:play-services-maps:19.0.0] AndroidManifest.xml:40:13-50
67            android:required="false" />
67-->[com.google.android.gms:play-services-maps:19.0.0] AndroidManifest.xml:41:13-37
68
69        <service
69-->[com.google.firebase:firebase-firestore-ktx:25.0.0] AndroidManifest.xml:9:9-15:19
70            android:name="com.google.firebase.components.ComponentDiscoveryService"
70-->[com.google.firebase:firebase-firestore-ktx:25.0.0] AndroidManifest.xml:10:13-84
71            android:directBootAware="true"
71-->[com.google.firebase:firebase-common:21.0.0] AndroidManifest.xml:32:13-43
72            android:exported="false" >
72-->[com.google.firebase:firebase-firestore-ktx:25.0.0] AndroidManifest.xml:11:13-37
73            <meta-data
73-->[com.google.firebase:firebase-firestore-ktx:25.0.0] AndroidManifest.xml:12:13-14:85
74                android:name="com.google.firebase.components:com.google.firebase.firestore.ktx.FirebaseFirestoreLegacyRegistrar"
74-->[com.google.firebase:firebase-firestore-ktx:25.0.0] AndroidManifest.xml:13:17-129
75                android:value="com.google.firebase.components.ComponentRegistrar" />
75-->[com.google.firebase:firebase-firestore-ktx:25.0.0] AndroidManifest.xml:14:17-82
76            <meta-data
76-->[com.google.firebase:firebase-firestore:25.0.0] AndroidManifest.xml:17:13-19:85
77                android:name="com.google.firebase.components:com.google.firebase.firestore.FirebaseFirestoreKtxRegistrar"
77-->[com.google.firebase:firebase-firestore:25.0.0] AndroidManifest.xml:18:17-122
78                android:value="com.google.firebase.components.ComponentRegistrar" />
78-->[com.google.firebase:firebase-firestore:25.0.0] AndroidManifest.xml:19:17-82
79            <meta-data
79-->[com.google.firebase:firebase-firestore:25.0.0] AndroidManifest.xml:20:13-22:85
80                android:name="com.google.firebase.components:com.google.firebase.firestore.FirestoreRegistrar"
80-->[com.google.firebase:firebase-firestore:25.0.0] AndroidManifest.xml:21:17-111
81                android:value="com.google.firebase.components.ComponentRegistrar" />
81-->[com.google.firebase:firebase-firestore:25.0.0] AndroidManifest.xml:22:17-82
82            <meta-data
82-->[com.google.firebase:firebase-common-ktx:21.0.0] AndroidManifest.xml:12:13-14:85
83                android:name="com.google.firebase.components:com.google.firebase.ktx.FirebaseCommonLegacyRegistrar"
83-->[com.google.firebase:firebase-common-ktx:21.0.0] AndroidManifest.xml:13:17-116
84                android:value="com.google.firebase.components.ComponentRegistrar" />
84-->[com.google.firebase:firebase-common-ktx:21.0.0] AndroidManifest.xml:14:17-82
85            <meta-data
85-->[com.google.firebase:firebase-common:21.0.0] AndroidManifest.xml:35:13-37:85
86                android:name="com.google.firebase.components:com.google.firebase.FirebaseCommonKtxRegistrar"
86-->[com.google.firebase:firebase-common:21.0.0] AndroidManifest.xml:36:17-109
87                android:value="com.google.firebase.components.ComponentRegistrar" />
87-->[com.google.firebase:firebase-common:21.0.0] AndroidManifest.xml:37:17-82
88        </service>
89
90        <activity
90-->[com.google.android.gms:play-services-base:18.5.0] AndroidManifest.xml:5:9-173
91            android:name="com.google.android.gms.common.api.GoogleApiActivity"
91-->[com.google.android.gms:play-services-base:18.5.0] AndroidManifest.xml:5:19-85
92            android:exported="false"
92-->[com.google.android.gms:play-services-base:18.5.0] AndroidManifest.xml:5:146-170
93            android:theme="@android:style/Theme.Translucent.NoTitleBar" />
93-->[com.google.android.gms:play-services-base:18.5.0] AndroidManifest.xml:5:86-145
94
95        <provider
95-->[com.google.firebase:firebase-common:21.0.0] AndroidManifest.xml:23:9-28:39
96            android:name="com.google.firebase.provider.FirebaseInitProvider"
96-->[com.google.firebase:firebase-common:21.0.0] AndroidManifest.xml:24:13-77
97            android:authorities="com.uitm.infratrack.firebaseinitprovider"
97-->[com.google.firebase:firebase-common:21.0.0] AndroidManifest.xml:25:13-72
98            android:directBootAware="true"
98-->[com.google.firebase:firebase-common:21.0.0] AndroidManifest.xml:26:13-43
99            android:exported="false"
99-->[com.google.firebase:firebase-common:21.0.0] AndroidManifest.xml:27:13-37
100            android:initOrder="100" />
100-->[com.google.firebase:firebase-common:21.0.0] AndroidManifest.xml:28:13-36
101        <provider
101-->[androidx.emoji2:emoji2:1.3.0] AndroidManifest.xml:24:9-32:20
102            android:name="androidx.startup.InitializationProvider"
102-->[androidx.emoji2:emoji2:1.3.0] AndroidManifest.xml:25:13-67
103            android:authorities="com.uitm.infratrack.androidx-startup"
103-->[androidx.emoji2:emoji2:1.3.0] AndroidManifest.xml:26:13-68
104            android:exported="false" >
104-->[androidx.emoji2:emoji2:1.3.0] AndroidManifest.xml:27:13-37
105            <meta-data
105-->[androidx.emoji2:emoji2:1.3.0] AndroidManifest.xml:29:13-31:52
106                android:name="androidx.emoji2.text.EmojiCompatInitializer"
106-->[androidx.emoji2:emoji2:1.3.0] AndroidManifest.xml:30:17-75
107                android:value="androidx.startup" />
107-->[androidx.emoji2:emoji2:1.3.0] AndroidManifest.xml:31:17-49
108            <meta-data
108-->[androidx.lifecycle:lifecycle-process:2.8.4] AndroidManifest.xml:29:13-31:52
109                android:name="androidx.lifecycle.ProcessLifecycleInitializer"
109-->[androidx.lifecycle:lifecycle-process:2.8.4] AndroidManifest.xml:30:17-78
110                android:value="androidx.startup" />
110-->[androidx.lifecycle:lifecycle-process:2.8.4] AndroidManifest.xml:31:17-49
111            <meta-data
111-->[androidx.profileinstaller:profileinstaller:1.3.1] AndroidManifest.xml:29:13-31:52
112                android:name="androidx.profileinstaller.ProfileInstallerInitializer"
112-->[androidx.profileinstaller:profileinstaller:1.3.1] AndroidManifest.xml:30:17-85
113                android:value="androidx.startup" />
113-->[androidx.profileinstaller:profileinstaller:1.3.1] AndroidManifest.xml:31:17-49
114        </provider>
115
116        <meta-data
116-->[com.google.android.gms:play-services-basement:18.4.0] AndroidManifest.xml:6:9-122
117            android:name="com.google.android.gms.version"
117-->[com.google.android.gms:play-services-basement:18.4.0] AndroidManifest.xml:6:20-65
118            android:value="@integer/google_play_services_version" />
118-->[com.google.android.gms:play-services-basement:18.4.0] AndroidManifest.xml:6:66-119
119
120        <receiver
120-->[androidx.profileinstaller:profileinstaller:1.3.1] AndroidManifest.xml:34:9-52:20
121            android:name="androidx.profileinstaller.ProfileInstallReceiver"
121-->[androidx.profileinstaller:profileinstaller:1.3.1] AndroidManifest.xml:35:13-76
122            android:directBootAware="false"
122-->[androidx.profileinstaller:profileinstaller:1.3.1] AndroidManifest.xml:36:13-44
123            android:enabled="true"
123-->[androidx.profileinstaller:profileinstaller:1.3.1] AndroidManifest.xml:37:13-35
124            android:exported="true"
124-->[androidx.profileinstaller:profileinstaller:1.3.1] AndroidManifest.xml:38:13-36
125            android:permission="android.permission.DUMP" >
125-->[androidx.profileinstaller:profileinstaller:1.3.1] AndroidManifest.xml:39:13-57
126            <intent-filter>
126-->[androidx.profileinstaller:profileinstaller:1.3.1] AndroidManifest.xml:40:13-42:29
127                <action android:name="androidx.profileinstaller.action.INSTALL_PROFILE" />
127-->[androidx.profileinstaller:profileinstaller:1.3.1] AndroidManifest.xml:41:17-91
127-->[androidx.profileinstaller:profileinstaller:1.3.1] AndroidManifest.xml:41:25-88
128            </intent-filter>
129            <intent-filter>
129-->[androidx.profileinstaller:profileinstaller:1.3.1] AndroidManifest.xml:43:13-45:29
130                <action android:name="androidx.profileinstaller.action.SKIP_FILE" />
130-->[androidx.profileinstaller:profileinstaller:1.3.1] AndroidManifest.xml:44:17-85
130-->[androidx.profileinstaller:profileinstaller:1.3.1] AndroidManifest.xml:44:25-82
131            </intent-filter>
132            <intent-filter>
132-->[androidx.profileinstaller:profileinstaller:1.3.1] AndroidManifest.xml:46:13-48:29
133                <action android:name="androidx.profileinstaller.action.SAVE_PROFILE" />
133-->[androidx.profileinstaller:profileinstaller:1.3.1] AndroidManifest.xml:47:17-88
133-->[androidx.profileinstaller:profileinstaller:1.3.1] AndroidManifest.xml:47:25-85
134            </intent-filter>
135            <intent-filter>
135-->[androidx.profileinstaller:profileinstaller:1.3.1] AndroidManifest.xml:49:13-51:29
136                <action android:name="androidx.profileinstaller.action.BENCHMARK_OPERATION" />
136-->[androidx.profileinstaller:profileinstaller:1.3.1] AndroidManifest.xml:50:17-95
136-->[androidx.profileinstaller:profileinstaller:1.3.1] AndroidManifest.xml:50:25-92
137            </intent-filter>
138        </receiver>
139    </application>
140
141</manifest>